<?xml version="1.0" encoding="UTF-8"?>
<!-- Generated by org.testng.reporters.JUnitXMLReporter -->
<testsuite ignored="0" hostname="ParagGauravs-MacBook-Pro.local" failures="0" tests="4" name="Default test" time="2.514" errors="0" timestamp="2023-09-14T21:25:36 IST">
  <testcase classname="Day1.HTTPRequest" name="getUser" time="0.987"/>
  <testcase classname="Day1.HTTPRequest" name="createUser" time="0.591"/>
  <testcase classname="Day1.HTTPRequest" name="updateUser" time="0.483"/>
  <testcase classname="Day1.HTTPRequest" name="deleteUser" time="0.43"/>
</testsuite> <!-- Default test -->
